2022.04.14, 08:56:09.0839 UTC -> created===>metamask:0xf9cd472c4B28b68875fE9C24F9B5c66e004FEc07,contractAddress:0xECAd39D2ec8f41a438ffA0b594432A8a7a125F71
2022.04.14, 08:57:03.0488 UTC -> verify===>metamask:0xf9cd472c4B28b68875fE9C24F9B5c66e004FEc07,contractAddress:0xECAd39D2ec8f41a438ffA0b594432A8a7a125F71
2022.04.14, 08:57:15.0749 UTC -> created===>metamask:0x85807C5A6171529Bfa01B0e818e826D9328d4112,contractAddress:0x147F9f557644Fca40df13b89424D025b395c3ED6
2022.04.14, 08:58:15.0571 UTC -> verify===>metamask:0x85807C5A6171529Bfa01B0e818e826D9328d4112,contractAddress:0x147F9f557644Fca40df13b89424D025b395c3ED6
2022.04.14, 08:58:27.0616 UTC -> created===>metamask:0xBa5B3c08533F581D8ABcBcE225160Fb40b388122,contractAddress:0x465a4813C6F0800881769a8868b502160a5c39ec
2022.04.14, 08:59:03.0790 UTC -> verify===>metamask:0xBa5B3c08533F581D8ABcBcE225160Fb40b388122,contractAddress:0x465a4813C6F0800881769a8868b502160a5c39ec
2022.04.14, 08:59:19.0831 UTC -> created===>metamask:0xAf20F32d99f4F9E8f100345CB6b5a7c022e88264,contractAddress:0xD98C8f0a692f106D2298637d0470c559259e1B22
2022.04.14, 08:59:50.0258 UTC -> created===>metamask:0x389524B424fF697B0B7CD5e22dB17EBECEa4761f,contractAddress:0xb9e7d81525B42c059C45D2992277453067A18a36
2022.04.14, 09:00:30.0849 UTC -> verify===>metamask:0x389524B424fF697B0B7CD5e22dB17EBECEa4761f,contractAddress:0xb9e7d81525B42c059C45D2992277453067A18a36
2022.04.14, 09:06:34.0162 UTC -> ======================================0xc2D8A2A0549Fa4A012d8939A8D9702Af6d6e78CA======================================
2022.04.14, 09:06:34.0268 UTC -> created===>metamask:0xc2D8A2A0549Fa4A012d8939A8D9702Af6d6e78CA,contractAddress:0xb8bcD1C11d8D3c41dE14e19Ef5e15f516b86C6dD
2022.04.14, 09:07:11.0193 UTC -> verify===>metamask:0xc2D8A2A0549Fa4A012d8939A8D9702Af6d6e78CA,contractAddress:0xb8bcD1C11d8D3c41dE14e19Ef5e15f516b86C6dD
2022.04.14, 09:07:22.0552 UTC -> ======================================0xb3e95f8005473c0e172A26D6Da7E2e5A695DB57C======================================
2022.04.14, 09:07:22.0655 UTC -> created===>metamask:0xb3e95f8005473c0e172A26D6Da7E2e5A695DB57C,contractAddress:0x22EE5936193C00B9726aB08F93ee70f8c44a7007
2022.04.14, 09:08:06.0560 UTC -> verify===>metamask:0xb3e95f8005473c0e172A26D6Da7E2e5A695DB57C,contractAddress:0x22EE5936193C00B9726aB08F93ee70f8c44a7007
2022.04.14, 09:08:15.0573 UTC -> ======================================0x638a4840bE03AFDE73F82E05209d88Ad4CAAB3B4======================================
2022.04.14, 09:08:15.0675 UTC -> created===>metamask:0x638a4840bE03AFDE73F82E05209d88Ad4CAAB3B4,contractAddress:0xa35a8A5DE43cec2c526F4d75c7AA30d99d72270D
2022.04.14, 09:08:50.0293 UTC -> verify===>metamask:0x638a4840bE03AFDE73F82E05209d88Ad4CAAB3B4,contractAddress:0xa35a8A5DE43cec2c526F4d75c7AA30d99d72270D
2022.04.14, 09:09:03.0732 UTC -> ======================================0x923D77081aa8a13aEeB68E71E774D1928935e680======================================
2022.04.14, 09:09:03.0836 UTC -> created===>metamask:0x923D77081aa8a13aEeB68E71E774D1928935e680,contractAddress:0x6895f65E9dD04BbA986352aa50774f3f2d790300
2022.04.14, 09:10:03.0637 UTC -> verify===>metamask:0x923D77081aa8a13aEeB68E71E774D1928935e680,contractAddress:0x6895f65E9dD04BbA986352aa50774f3f2d790300
2022.04.14, 09:10:15.0165 UTC -> ======================================0xEC0637553AA5D1dbA116A8b53C9197E652cEd950======================================
2022.04.14, 09:10:15.0269 UTC -> created===>metamask:0xEC0637553AA5D1dbA116A8b53C9197E652cEd950,contractAddress:0xe80E5F0f2baf9f1F1A00E708cCF128b0BCCaC597
2022.04.14, 09:11:05.0612 UTC -> verify===>metamask:0xEC0637553AA5D1dbA116A8b53C9197E652cEd950,contractAddress:0xe80E5F0f2baf9f1F1A00E708cCF128b0BCCaC597
2022.04.14, 09:11:18.0537 UTC -> ======================================0x751D48cdcbcf49E70f8c20200c4975cCc85481B5======================================
2022.04.14, 09:11:18.0642 UTC -> created===>metamask:0x751D48cdcbcf49E70f8c20200c4975cCc85481B5,contractAddress:0xf336B6bdD813777D42DCE35a8ecbC635bb6f4711
2022.04.14, 09:12:25.0412 UTC -> verify===>metamask:0x751D48cdcbcf49E70f8c20200c4975cCc85481B5,contractAddress:0xf336B6bdD813777D42DCE35a8ecbC635bb6f4711
2022.04.14, 09:12:38.0565 UTC -> ======================================0x5a0EE39Cf1793ac8e953Dc438Fd3A4408B58D614======================================
2022.04.14, 09:12:38.0669 UTC -> created===>metamask:0x5a0EE39Cf1793ac8e953Dc438Fd3A4408B58D614,contractAddress:0xde62d2E06A3e0c005D655Bc57f7E31e9Bf2BC557
2022.04.14, 09:13:35.0892 UTC -> verify===>metamask:0x5a0EE39Cf1793ac8e953Dc438Fd3A4408B58D614,contractAddress:0xde62d2E06A3e0c005D655Bc57f7E31e9Bf2BC557
2022.04.14, 09:13:48.0384 UTC -> ======================================0x7C4988642cbC3230074B068C7fF927Ee00423A37======================================
2022.04.14, 09:13:48.0487 UTC -> created===>metamask:0x7C4988642cbC3230074B068C7fF927Ee00423A37,contractAddress:0x9bE92391A1E3EEbEda50FeB0D0f367daBa298c6e
2022.04.14, 09:15:24.0353 UTC -> verify===>metamask:0x7C4988642cbC3230074B068C7fF927Ee00423A37,contractAddress:0x9bE92391A1E3EEbEda50FeB0D0f367daBa298c6e
2022.04.14, 09:15:37.0592 UTC -> ======================================0xf7c90f5a88Eca2DCAFd6E9025C6a57E1F701FAfB======================================
2022.04.14, 09:15:37.0696 UTC -> created===>metamask:0xf7c90f5a88Eca2DCAFd6E9025C6a57E1F701FAfB,contractAddress:0x02590C9d19A2EB0949E4b40335F2074F5E01d3E0
2022.04.14, 09:16:28.0720 UTC -> verify===>metamask:0xf7c90f5a88Eca2DCAFd6E9025C6a57E1F701FAfB,contractAddress:0x02590C9d19A2EB0949E4b40335F2074F5E01d3E0
2022.04.14, 09:16:42.0141 UTC -> ======================================0xF44C0BB361F3Bd103C7b8b0b69Db52a4D5bFC4a1======================================
2022.04.14, 09:16:42.0244 UTC -> created===>metamask:0xF44C0BB361F3Bd103C7b8b0b69Db52a4D5bFC4a1,contractAddress:0x051e8701c3Bf343F27c741a3f89Daa4895eE1918
2022.04.14, 09:17:26.0798 UTC -> verify===>metamask:0xF44C0BB361F3Bd103C7b8b0b69Db52a4D5bFC4a1,contractAddress:0x051e8701c3Bf343F27c741a3f89Daa4895eE1918
2022.04.14, 09:17:39.0238 UTC -> ======================================0x74746e01f2e295EC9e9167949F06695dcf996c55======================================
2022.04.14, 09:17:39.0341 UTC -> created===>metamask:0x74746e01f2e295EC9e9167949F06695dcf996c55,contractAddress:0x61F4FB26B7eEE16B5962E9e9E16F2B98C3090650
2022.04.14, 09:18:20.0646 UTC -> verify===>metamask:0x74746e01f2e295EC9e9167949F06695dcf996c55,contractAddress:0x61F4FB26B7eEE16B5962E9e9E16F2B98C3090650
2022.04.14, 09:18:33.0191 UTC -> ======================================0x2982010693f944eDbd808d78715560ea03497C50======================================
2022.04.14, 09:18:33.0292 UTC -> created===>metamask:0x2982010693f944eDbd808d78715560ea03497C50,contractAddress:0x4D3EC2b43D26C504685893Fb5A4269856736802B
2022.04.14, 09:19:35.0551 UTC -> verify===>metamask:0x2982010693f944eDbd808d78715560ea03497C50,contractAddress:0x4D3EC2b43D26C504685893Fb5A4269856736802B
2022.04.14, 09:19:47.0728 UTC -> ======================================0x2619c876c4eDCdAB29042dA9f1d313B9c1064d69======================================
2022.04.14, 09:19:47.0830 UTC -> created===>metamask:0x2619c876c4eDCdAB29042dA9f1d313B9c1064d69,contractAddress:0x8ca896D68338a6519e8B03F36628F0BeaCEea303
2022.04.14, 09:20:44.0577 UTC -> verify===>metamask:0x2619c876c4eDCdAB29042dA9f1d313B9c1064d69,contractAddress:0x8ca896D68338a6519e8B03F36628F0BeaCEea303
2022.04.14, 09:20:52.0845 UTC -> ======================================0x37D9Dcb93f548002Bc222706DAD8160E5Cda6b51======================================
2022.04.14, 09:20:52.0946 UTC -> created===>metamask:0x37D9Dcb93f548002Bc222706DAD8160E5Cda6b51,contractAddress:0x6FcD63Ea23d209e823295Bc7151d576759C0E972
2022.04.14, 09:21:49.0726 UTC -> verify===>metamask:0x37D9Dcb93f548002Bc222706DAD8160E5Cda6b51,contractAddress:0x6FcD63Ea23d209e823295Bc7151d576759C0E972
2022.04.14, 09:22:01.0033 UTC -> ======================================0x4f7E102B7B5E3C9687d37A2652B688775aF5a707======================================
2022.04.14, 09:22:01.0138 UTC -> created===>metamask:0x4f7E102B7B5E3C9687d37A2652B688775aF5a707,contractAddress:0x2A6bcDc9cB8b25E2C6C15B52B0e0B2229444D170
2022.04.14, 09:22:44.0752 UTC -> verify===>metamask:0x4f7E102B7B5E3C9687d37A2652B688775aF5a707,contractAddress:0x2A6bcDc9cB8b25E2C6C15B52B0e0B2229444D170
2022.04.14, 09:23:00.0229 UTC -> ======================================0x488549C3D4dC69c08703DDED7a37A4d4C740945D======================================
2022.04.14, 09:23:00.0333 UTC -> created===>metamask:0x488549C3D4dC69c08703DDED7a37A4d4C740945D,contractAddress:0x93b4c4BE8d1FD7FA897802a33451574987CbdF2D
2022.04.14, 09:23:44.0960 UTC -> verify===>metamask:0x488549C3D4dC69c08703DDED7a37A4d4C740945D,contractAddress:0x93b4c4BE8d1FD7FA897802a33451574987CbdF2D
2022.04.14, 09:23:55.0916 UTC -> ======================================0x9025bb53374899cF2135DB5e3f6dd2fA5Fb29905======================================
2022.04.14, 09:23:56.0018 UTC -> created===>metamask:0x9025bb53374899cF2135DB5e3f6dd2fA5Fb29905,contractAddress:0x2c461e70538E1ae34b2BA667E0273eCf5ea434aC
2022.04.14, 09:24:44.0528 UTC -> verify===>metamask:0x9025bb53374899cF2135DB5e3f6dd2fA5Fb29905,contractAddress:0x2c461e70538E1ae34b2BA667E0273eCf5ea434aC
2022.04.14, 09:24:56.0873 UTC -> ======================================0xC6dC6A46f862E6e3fce4dF7379137a3BE6059476======================================
2022.04.14, 09:24:56.0978 UTC -> created===>metamask:0xC6dC6A46f862E6e3fce4dF7379137a3BE6059476,contractAddress:0x4B453bCa2F11b09b3D48491b1e7858EA7daC8109
2022.04.14, 09:25:37.0120 UTC -> verify===>metamask:0xC6dC6A46f862E6e3fce4dF7379137a3BE6059476,contractAddress:0x4B453bCa2F11b09b3D48491b1e7858EA7daC8109
2022.04.14, 09:25:48.0609 UTC -> ======================================0xAb28e2E2ba0E20bECD704D99aE2e85C1515105EF======================================
2022.04.14, 09:25:48.0711 UTC -> created===>metamask:0xAb28e2E2ba0E20bECD704D99aE2e85C1515105EF,contractAddress:0xB033E31ef3D0A86a4F66632fA169ebf60d6DCde8
2022.04.14, 09:26:42.0933 UTC -> verify===>metamask:0xAb28e2E2ba0E20bECD704D99aE2e85C1515105EF,contractAddress:0xB033E31ef3D0A86a4F66632fA169ebf60d6DCde8
2022.04.14, 09:26:55.0101 UTC -> ======================================0xa39D6A80E61d3e2872bb47eED19c2ad16964859E======================================
2022.04.14, 09:26:55.0206 UTC -> created===>metamask:0xa39D6A80E61d3e2872bb47eED19c2ad16964859E,contractAddress:0xa76BAF89d91f3F9411121e283d9a83b3d5bB08cC
2022.04.14, 09:27:46.0044 UTC -> verify===>metamask:0xa39D6A80E61d3e2872bb47eED19c2ad16964859E,contractAddress:0xa76BAF89d91f3F9411121e283d9a83b3d5bB08cC
2022.04.14, 09:27:57.0420 UTC -> ======================================0x54C25C9241692157cF9e2b5688456BfEecF7Fb4a======================================
2022.04.14, 09:27:57.0523 UTC -> created===>metamask:0x54C25C9241692157cF9e2b5688456BfEecF7Fb4a,contractAddress:0xB718d726625bd624fd50C8DE9d288639Ffb03AEd
2022.04.14, 09:28:43.0708 UTC -> verify===>metamask:0x54C25C9241692157cF9e2b5688456BfEecF7Fb4a,contractAddress:0xB718d726625bd624fd50C8DE9d288639Ffb03AEd
2022.04.14, 09:28:52.0032 UTC -> ======================================0x831350D5037721263B4c0635D59f07ed1DCcC957======================================
2022.04.14, 09:28:52.0133 UTC -> created===>metamask:0x831350D5037721263B4c0635D59f07ed1DCcC957,contractAddress:0x1C87F9eCEFd059f93E1528785EcFA53860b7b208
2022.04.14, 09:29:35.0064 UTC -> verify===>metamask:0x831350D5037721263B4c0635D59f07ed1DCcC957,contractAddress:0x1C87F9eCEFd059f93E1528785EcFA53860b7b208
2022.04.14, 09:29:46.0677 UTC -> ======================================0xe6f93517675d695ab3c91039f656b179f0d865Fa======================================
2022.04.14, 09:29:46.0779 UTC -> created===>metamask:0xe6f93517675d695ab3c91039f656b179f0d865Fa,contractAddress:0x8B3642b1C0CcfF625Df095Ba4e449Db31729e6f6
2022.04.14, 09:30:34.0865 UTC -> verify===>metamask:0xe6f93517675d695ab3c91039f656b179f0d865Fa,contractAddress:0x8B3642b1C0CcfF625Df095Ba4e449Db31729e6f6
2022.04.14, 09:30:48.0483 UTC -> ======================================0xc491De6B500AA809F44E6d6b1FEf7B13Db376337======================================
2022.04.14, 09:30:48.0589 UTC -> created===>metamask:0xc491De6B500AA809F44E6d6b1FEf7B13Db376337,contractAddress:0x9469ba7138a086377eF8112585d5c400eCE4CD6C
2022.04.14, 09:31:18.0391 UTC -> verify===>metamask:0xc491De6B500AA809F44E6d6b1FEf7B13Db376337,contractAddress:0x9469ba7138a086377eF8112585d5c400eCE4CD6C
2022.04.14, 09:31:29.0101 UTC -> ======================================0x50B9c04765CB9f95d174041CC2218b782c2726d4======================================
2022.04.14, 09:31:29.0205 UTC -> created===>metamask:0x50B9c04765CB9f95d174041CC2218b782c2726d4,contractAddress:0xD6384899b0238e08a8Da8C31b219397FD1F770C7
2022.04.14, 09:32:22.0092 UTC -> verify===>metamask:0x50B9c04765CB9f95d174041CC2218b782c2726d4,contractAddress:0xD6384899b0238e08a8Da8C31b219397FD1F770C7
2022.04.14, 09:32:31.0106 UTC -> ======================================0x78c5782CD68B0CbF30dA2543c654086a1d07a74C======================================
2022.04.14, 09:32:31.0211 UTC -> created===>metamask:0x78c5782CD68B0CbF30dA2543c654086a1d07a74C,contractAddress:0x9981656Eff4943565CFB93F381AFdE2382b81e76
2022.04.14, 09:33:42.0505 UTC -> verify===>metamask:0x78c5782CD68B0CbF30dA2543c654086a1d07a74C,contractAddress:0x9981656Eff4943565CFB93F381AFdE2382b81e76
2022.04.14, 09:33:53.0872 UTC -> ======================================0xD2A018ba2b8C86E96BCbe5F16d34b7e7C1B2320A======================================
2022.04.14, 09:33:53.0977 UTC -> created===>metamask:0xD2A018ba2b8C86E96BCbe5F16d34b7e7C1B2320A,contractAddress:0xad15fb18E79B850cD5039fbCAF3Ba3AAd17b6A19
2022.04.14, 09:34:45.0129 UTC -> verify===>metamask:0xD2A018ba2b8C86E96BCbe5F16d34b7e7C1B2320A,contractAddress:0xad15fb18E79B850cD5039fbCAF3Ba3AAd17b6A19
